Performing C++ SOURCE FILE Test CMAKE_HAVE_LIBC_PTHREAD failed with the following output:
Change Dir: /home/avatar/Code/HjjDemo/ch_01/build/CMakeFiles/CMakeTmp

Run Build Command(s):/usr/bin/gmake cmTC_7e91c/fast && /usr/bin/gmake  -f CMakeFiles/cmTC_7e91c.dir/build.make CMakeFiles/cmTC_7e91c.dir/build
gmake[1]: 进入目录“/home/avatar/Code/HjjDemo/ch_01/build/CMakeFiles/CMakeTmp”
Building CXX object CMakeFiles/cmTC_7e91c.dir/src.cxx.o
/usr/bin/c++   -DCMAKE_HAVE_LIBC_PTHREAD -o CMakeFiles/cmTC_7e91c.dir/src.cxx.o -c /home/avatar/Code/HjjDemo/ch_01/build/CMakeFiles/CMakeTmp/src.cxx
Linking CXX executable cmTC_7e91c
/usr/bin/cmake -E cmake_link_script CMakeFiles/cmTC_7e91c.dir/link.txt --verbose=1
/usr/bin/c++  -DCMAKE_HAVE_LIBC_PTHREAD CMakeFiles/cmTC_7e91c.dir/src.cxx.o -o cmTC_7e91c 
/usr/bin/ld: CMakeFiles/cmTC_7e91c.dir/src.cxx.o: in function `main':
src.cxx:(.text+0x2f): undefined reference to `pthread_create'
/usr/bin/ld: src.cxx:(.text+0x3b): undefined reference to `pthread_detach'
/usr/bin/ld: src.cxx:(.text+0x47): undefined reference to `pthread_cancel'
/usr/bin/ld: src.cxx:(.text+0x58): undefined reference to `pthread_join'
collect2: error: ld returned 1 exit status
gmake[1]: *** [CMakeFiles/cmTC_7e91c.dir/build.make:106：cmTC_7e91c] 错误 1
gmake[1]: 离开目录“/home/avatar/Code/HjjDemo/ch_01/build/CMakeFiles/CMakeTmp”
gmake: *** [Makefile:140：cmTC_7e91c/fast] 错误 2


Source file was:
#include <pthread.h>

void* test_func(void* data)
{
  return data;
}

int main(void)
{
  pthread_t thread;
  pthread_create(&thread, NULL, test_func, NULL);
  pthread_detach(thread);
  pthread_cancel(thread);
  pthread_join(thread, NULL);
  pthread_atfork(NULL, NULL, NULL);
  pthread_exit(NULL);

  return 0;
}

